<?xml version="1.0" encoding="UTF-8"?>
<testsuite name="ClientTest" tests="6" skipped="0" failures="0" errors="0" timestamp="2015-08-28T17:29:52" hostname="Ashleys-MacBook-Pro.local" time="0.349">
  <properties/>
  <testcase name="find_findsClientInDatabase_true" classname="ClientTest" time="0.19"/>
  <testcase name="update_updateClientInDatabase" classname="ClientTest" time="0.046"/>
  <testcase name="all_emptyAtFirst" classname="ClientTest" time="0.024"/>
  <testcase name="equals_returnsTrueIfClientsAretheSame" classname="ClientTest" time="0.011"/>
  <testcase name="save_assignsIdToObject" classname="ClientTest" time="0.035"/>
  <testcase name="delete_deleteClientInDatabase" classname="ClientTest" time="0.04"/>
  <system-out><![CDATA[]]></system-out>
  <system-err><![CDATA[]]></system-err>
</testsuite>
