<?xml version="1.0" encoding="UTF-8"?>
<testsuite name="StylistTest" tests="6" skipped="0" failures="0" errors="0" timestamp="2015-08-28T23:31:36" hostname="Ashleys-MacBook-Pro.local" time="0.186">
  <properties/>
  <testcase name="update_updateStylistInDatabase" classname="StylistTest" time="0.05"/>
  <testcase name="equals_returnsTrueIfStylistsAretheSame" classname="StylistTest" time="0.012"/>
  <testcase name="all_emptyAtFirst" classname="StylistTest" time="0.024"/>
  <testcase name="find_findsStylistInDatabase_true" classname="StylistTest" time="0.031"/>
  <testcase name="save_assignsIdToObject" classname="StylistTest" time="0.027"/>
  <testcase name="delete_deleteStylistInDatabase" classname="StylistTest" time="0.038"/>
  <system-out><![CDATA[]]></system-out>
  <system-err><![CDATA[]]></system-err>
</testsuite>
