<?xml version="1.0" encoding="UTF-8"?>
<testsuite name="ClientTest" tests="8" skipped="0" failures="0" errors="0" timestamp="2015-08-28T23:31:36" hostname="Ashleys-MacBook-Pro.local" time="0.285">
  <properties/>
  <testcase name="find_findsClientInDatabase_true" classname="ClientTest" time="0.047"/>
  <testcase name="save_savesStylistIdIntoDB_true" classname="ClientTest" time="0.043"/>
  <testcase name="update_updateClientInDatabase" classname="ClientTest" time="0.041"/>
  <testcase name="all_emptyAtFirst" classname="ClientTest" time="0.021"/>
  <testcase name="equals_returnsTrueIfClientsAretheSame" classname="ClientTest" time="0.01"/>
  <testcase name="save_assignsIdToObject" classname="ClientTest" time="0.033"/>
  <testcase name="find_findNameofStylistAssociatedWithClient" classname="ClientTest" time="0.044"/>
  <testcase name="delete_deleteClientInDatabase" classname="ClientTest" time="0.044"/>
  <system-out><![CDATA[]]></system-out>
  <system-err><![CDATA[]]></system-err>
</testsuite>
