<?xml version="1.0" encoding="UTF-8"?>
<testsuite name="ClientTest" tests="8" skipped="0" failures="0" errors="0" timestamp="2015-08-28T22:04:43" hostname="Ashleys-MacBook-Pro.local" time="0.314">
  <properties/>
  <testcase name="find_findsClientInDatabase_true" classname="ClientTest" time="0.045"/>
  <testcase name="save_savesStylistIdIntoDB_true" classname="ClientTest" time="0.046"/>
  <testcase name="update_updateClientInDatabase" classname="ClientTest" time="0.046"/>
  <testcase name="all_emptyAtFirst" classname="ClientTest" time="0.024"/>
  <testcase name="equals_returnsTrueIfClientsAretheSame" classname="ClientTest" time="0.01"/>
  <testcase name="save_assignsIdToObject" classname="ClientTest" time="0.035"/>
  <testcase name="find_findNameofStylistAssociatedWithClient" classname="ClientTest" time="0.053"/>
  <testcase name="delete_deleteClientInDatabase" classname="ClientTest" time="0.05"/>
  <system-out><![CDATA[]]></system-out>
  <system-err><![CDATA[]]></system-err>
</testsuite>
