<?xml version="1.0" encoding="UTF-8"?>
<testsuite name="StylistTest" tests="6" skipped="0" failures="0" errors="0" timestamp="2015-08-28T23:00:44" hostname="Ashleys-MacBook-Pro.local" time="0.161">
  <properties/>
  <testcase name="update_updateStylistInDatabase" classname="StylistTest" time="0.04"/>
  <testcase name="equals_returnsTrueIfStylistsAretheSame" classname="StylistTest" time="0.009"/>
  <testcase name="all_emptyAtFirst" classname="StylistTest" time="0.017"/>
  <testcase name="find_findsStylistInDatabase_true" classname="StylistTest" time="0.03"/>
  <testcase name="save_assignsIdToObject" classname="StylistTest" time="0.028"/>
  <testcase name="delete_deleteStylistInDatabase" classname="StylistTest" time="0.036"/>
  <system-out><![CDATA[]]></system-out>
  <system-err><![CDATA[]]></system-err>
</testsuite>
