<?xml version="1.0" encoding="UTF-8"?>
<testsuite name="ClientTest" tests="4" skipped="0" failures="0" errors="0" timestamp="2015-08-28T17:03:15" hostname="Ashleys-MacBook-Pro.local" time="0.23">
  <properties/>
  <testcase name="find_findsClientInDatabase_true" classname="ClientTest" time="0.153"/>
  <testcase name="all_emptyAtFirst" classname="ClientTest" time="0.024"/>
  <testcase name="equals_returnsTrueIfClientsAretheSame" classname="ClientTest" time="0.012"/>
  <testcase name="save_assignsIdToObject" classname="ClientTest" time="0.038"/>
  <system-out><![CDATA[]]></system-out>
  <system-err><![CDATA[]]></system-err>
</testsuite>
