<?xml version="1.0" encoding="UTF-8"?>
<testsuite name="AppIntegrationTest" tests="4" skipped="0" failures="0" errors="0" timestamp="2015-08-28T22:04:42" hostname="Ashleys-MacBook-Pro.local" time="1.131">
  <properties/>
  <testcase name="stylistIsCreated" classname="AppIntegrationTest" time="0.678"/>
  <testcase name="clientIsUpdated" classname="AppIntegrationTest" time="0.16"/>
  <testcase name="rootTest" classname="AppIntegrationTest" time="0.121"/>
  <testcase name="clientIsCreated" classname="AppIntegrationTest" time="0.144"/>
  <system-out><![CDATA[]]></system-out>
  <system-err><![CDATA[[Thread-4] INFO spark.webserver.SparkServer - == Spark has ignited ...
[Thread-4] INFO spark.webserver.SparkServer - >> Listening on 0.0.0.0:4567
[Thread-4] INFO org.eclipse.jetty.server.Server - jetty-9.0.2.v20130417
[Thread-4] INFO org.eclipse.jetty.server.ServerConnector - Started ServerConnector@49b239{HTTP/1.1}{0.0.0.0:4567}
[Test worker] INFO spark.webserver.SparkServer - >>> Spark shutting down ...
[Test worker] INFO org.eclipse.jetty.server.Server - Graceful shutdown org.eclipse.jetty.server.Server@1c50f3f5 by 
[Test worker] INFO org.eclipse.jetty.server.ServerConnector - Stopped ServerConnector@49b239{HTTP/1.1}{0.0.0.0:4567}
[Test worker] INFO spark.webserver.SparkServer - done
]]></system-err>
</testsuite>
