<?xml version="1.0" encoding="UTF-8"?>
<testsuite name="ClientTest" tests="8" skipped="0" failures="0" errors="0" timestamp="2015-08-28T23:00:44" hostname="Ashleys-MacBook-Pro.local" time="0.279">
  <properties/>
  <testcase name="find_findsClientInDatabase_true" classname="ClientTest" time="0.041"/>
  <testcase name="save_savesStylistIdIntoDB_true" classname="ClientTest" time="0.047"/>
  <testcase name="update_updateClientInDatabase" classname="ClientTest" time="0.046"/>
  <testcase name="all_emptyAtFirst" classname="ClientTest" time="0.022"/>
  <testcase name="equals_returnsTrueIfClientsAretheSame" classname="ClientTest" time="0.012"/>
  <testcase name="save_assignsIdToObject" classname="ClientTest" time="0.034"/>
  <testcase name="find_findNameofStylistAssociatedWithClient" classname="ClientTest" time="0.036"/>
  <testcase name="delete_deleteClientInDatabase" classname="ClientTest" time="0.036"/>
  <system-out><![CDATA[]]></system-out>
  <system-err><![CDATA[]]></system-err>
</testsuite>
